<?xml version="1.0" encoding="UTF-8"?>
<testng-results skipped="0" failed="0" ignored="0" total="1" passed="1">
  <reporter-output>
  </reporter-output>
  <suite name="Default suite" duration-ms="32418" started-at="2017-10-03T06:23:01Z" finished-at="2017-10-03T06:23:33Z">
    <groups>
    </groups>
    <test name="Default test" duration-ms="32418" started-at="2017-10-03T06:23:01Z" finished-at="2017-10-03T06:23:33Z">
      <class name="com.selenium.SeleniumDemo.TestLogin">
        <test-method status="PASS" signature="initializeLogin()[pri:0, instance:com.selenium.SeleniumDemo.TestLogin@2ef5e5e3]" name="initializeLogin" duration-ms="32378" started-at="2017-10-03T11:53:01Z" finished-at="2017-10-03T11:53:33Z">
          <reporter-output>
          </reporter-output>
        </test-method> <!-- initializeLogin -->
      </class> <!-- com.selenium.SeleniumDemo.TestLogin -->
    </test> <!-- Default test -->
  </suite> <!-- Default suite -->
</testng-results>
